mode: set
github.com/fmo/timer-cli/pkg/logger/logger.go:18.33,20.16 2 0
github.com/fmo/timer-cli/pkg/logger/logger.go:20.16,22.3 1 0
github.com/fmo/timer-cli/pkg/logger/logger.go:24.2,25.36 2 0
github.com/fmo/timer-cli/pkg/logger/logger.go:28.38,30.2 1 0
github.com/fmo/timer-cli/pkg/logger/logger.go:32.54,34.2 1 0
github.com/fmo/timer-cli/cmd/timer-cli/main.go:17.18,18.24 1 0
github.com/fmo/timer-cli/cmd/timer-cli/main.go:18.24,21.3 2 0
github.com/fmo/timer-cli/cmd/timer-cli/main.go:24.13,27.16 2 0
github.com/fmo/timer-cli/cmd/timer-cli/main.go:27.16,29.3 1 0
github.com/fmo/timer-cli/cmd/timer-cli/main.go:32.2,33.16 2 0
github.com/fmo/timer-cli/cmd/timer-cli/main.go:33.16,35.3 1 0
github.com/fmo/timer-cli/cmd/timer-cli/main.go:38.2,42.16 3 0
github.com/fmo/timer-cli/cmd/timer-cli/main.go:42.16,44.3 1 0
github.com/fmo/timer-cli/cmd/timer-cli/main.go:47.2,49.20 2 0
github.com/fmo/timer-cli/cmd/timer-cli/main.go:49.20,52.17 3 0
github.com/fmo/timer-cli/cmd/timer-cli/main.go:52.17,55.4 2 0
github.com/fmo/timer-cli/cmd/timer-cli/main.go:56.3,58.45 3 0
github.com/fmo/timer-cli/cmd/timer-cli/main.go:58.45,60.4 1 0
github.com/fmo/timer-cli/cmd/timer-cli/main.go:62.2,62.23 1 0
github.com/fmo/timer-cli/cmd/timer-cli/main.go:62.23,64.48 2 0
github.com/fmo/timer-cli/cmd/timer-cli/main.go:64.48,67.4 2 0
github.com/fmo/timer-cli/cmd/timer-cli/main.go:68.3,68.38 1 0
github.com/fmo/timer-cli/cmd/timer-cli/main.go:70.2,70.19 1 0
github.com/fmo/timer-cli/cmd/timer-cli/main.go:70.19,73.17 3 0
github.com/fmo/timer-cli/cmd/timer-cli/main.go:73.17,76.4 2 0
github.com/fmo/timer-cli/cmd/timer-cli/main.go:77.3,79.52 3 0
github.com/fmo/timer-cli/cmd/timer-cli/main.go:79.52,81.4 1 0
github.com/fmo/timer-cli/cmd/timer-cli/main.go:83.2,83.20 1 0
github.com/fmo/timer-cli/cmd/timer-cli/main.go:83.20,89.3 5 0
github.com/fmo/timer-cli/cmd/timer-cli/main.go:90.2,90.20 1 0
github.com/fmo/timer-cli/cmd/timer-cli/main.go:90.20,92.49 2 0
github.com/fmo/timer-cli/cmd/timer-cli/main.go:92.49,95.4 2 0
github.com/fmo/timer-cli/cmd/timer-cli/main.go:96.3,96.34 1 0
github.com/fmo/timer-cli/cmd/timer-cli/main.go:98.2,98.21 1 0
github.com/fmo/timer-cli/cmd/timer-cli/main.go:98.21,99.36 1 0
github.com/fmo/timer-cli/cmd/timer-cli/main.go:99.36,101.18 2 0
github.com/fmo/timer-cli/cmd/timer-cli/main.go:101.18,103.5 1 0
github.com/fmo/timer-cli/cmd/timer-cli/main.go:104.4,105.18 2 0
github.com/fmo/timer-cli/cmd/timer-cli/main.go:105.18,107.5 1 0
github.com/fmo/timer-cli/cmd/timer-cli/main.go:108.4,109.68 2 0
github.com/fmo/timer-cli/cmd/timer-cli/main.go:109.68,111.5 1 0
github.com/fmo/timer-cli/cmd/timer-cli/main.go:113.3,113.20 1 0
github.com/fmo/timer-cli/cmd/timer-cli/main.go:115.2,115.20 1 0
github.com/fmo/timer-cli/cmd/timer-cli/main.go:115.20,117.3 1 0
github.com/fmo/timer-cli/cmd/timer-cli/main.go:119.2,130.13 9 0
github.com/fmo/timer-cli/cmd/timer-cli/main.go:133.48,135.22 2 0
github.com/fmo/timer-cli/cmd/timer-cli/main.go:135.22,137.3 1 0
github.com/fmo/timer-cli/cmd/timer-cli/main.go:139.2,141.16 3 0
github.com/fmo/timer-cli/cmd/timer-cli/main.go:141.16,143.3 1 0
github.com/fmo/timer-cli/cmd/timer-cli/main.go:144.2,145.16 2 0
github.com/fmo/timer-cli/cmd/timer-cli/main.go:145.16,147.3 1 0
github.com/fmo/timer-cli/cmd/timer-cli/main.go:148.2,149.16 2 0
github.com/fmo/timer-cli/cmd/timer-cli/main.go:149.16,151.3 1 0
github.com/fmo/timer-cli/cmd/timer-cli/main.go:153.2,156.15 3 0
github.com/fmo/timer-cli/cmd/timer-cli/main.go:159.79,163.6 3 0
github.com/fmo/timer-cli/cmd/timer-cli/main.go:163.6,164.10 1 0
github.com/fmo/timer-cli/cmd/timer-cli/main.go:165.21,166.10 1 0
github.com/fmo/timer-cli/cmd/timer-cli/main.go:167.19,171.19 2 0
github.com/fmo/timer-cli/pkg/services/csv_codec.go:27.59,29.16 2 1
github.com/fmo/timer-cli/pkg/services/csv_codec.go:29.16,31.3 1 0
github.com/fmo/timer-cli/pkg/services/csv_codec.go:33.2,38.51 1 1
github.com/fmo/timer-cli/pkg/services/csv_codec.go:43.45,46.44 2 1
github.com/fmo/timer-cli/pkg/services/csv_codec.go:46.44,48.3 1 0
github.com/fmo/timer-cli/pkg/services/csv_codec.go:50.2,51.12 2 1
github.com/fmo/timer-cli/pkg/services/csv_codec.go:55.55,57.16 2 0
github.com/fmo/timer-cli/pkg/services/csv_codec.go:57.16,59.3 1 0
github.com/fmo/timer-cli/pkg/services/csv_codec.go:61.2,61.38 1 0
github.com/fmo/timer-cli/pkg/services/csv_codec.go:61.38,63.3 1 0
github.com/fmo/timer-cli/pkg/services/csv_codec.go:65.2,65.55 1 0
github.com/fmo/timer-cli/pkg/services/csv_codec.go:65.55,67.3 1 0
github.com/fmo/timer-cli/pkg/services/csv_codec.go:69.2,69.27 1 0
github.com/fmo/timer-cli/pkg/services/csv_codec.go:69.27,70.31 1 0
github.com/fmo/timer-cli/pkg/services/csv_codec.go:70.31,72.4 1 0
github.com/fmo/timer-cli/pkg/services/csv_codec.go:72.9,74.4 1 0
github.com/fmo/timer-cli/pkg/services/csv_codec.go:75.3,75.19 1 0
github.com/fmo/timer-cli/pkg/services/csv_codec.go:78.2,78.12 1 0
github.com/fmo/timer-cli/pkg/services/csv_codec.go:82.38,83.43 1 1
github.com/fmo/timer-cli/pkg/services/csv_codec.go:83.43,85.3 1 0
github.com/fmo/timer-cli/pkg/services/csv_codec.go:87.2,88.16 2 1
github.com/fmo/timer-cli/pkg/services/csv_codec.go:88.16,90.3 1 0
github.com/fmo/timer-cli/pkg/services/csv_codec.go:92.2,92.12 1 1
github.com/fmo/timer-cli/pkg/services/csv_codec.go:96.51,101.16 3 1
github.com/fmo/timer-cli/pkg/services/csv_codec.go:101.16,103.3 1 0
github.com/fmo/timer-cli/pkg/services/csv_codec.go:105.2,107.18 2 1
github.com/fmo/timer-cli/pkg/services/csv_codec.go:110.61,111.20 1 1
github.com/fmo/timer-cli/pkg/services/csv_codec.go:111.20,113.3 1 1
github.com/fmo/timer-cli/pkg/services/csv_codec.go:115.2,115.17 1 1
github.com/fmo/timer-cli/pkg/services/csv_codec.go:119.55,121.16 2 1
github.com/fmo/timer-cli/pkg/services/csv_codec.go:121.16,123.3 1 0
github.com/fmo/timer-cli/pkg/services/csv_codec.go:125.2,125.20 1 1
github.com/fmo/timer-cli/pkg/services/csv_codec.go:125.20,126.50 1 1
github.com/fmo/timer-cli/pkg/services/csv_codec.go:126.50,128.4 1 0
github.com/fmo/timer-cli/pkg/services/csv_codec.go:129.3,129.19 1 1
github.com/fmo/timer-cli/pkg/services/csv_codec.go:132.2,132.12 1 1
github.com/fmo/timer-cli/pkg/services/store.go:17.43,19.2 1 1
github.com/fmo/timer-cli/pkg/services/store.go:21.40,24.27 3 1
github.com/fmo/timer-cli/pkg/services/store.go:24.27,26.3 1 0
github.com/fmo/timer-cli/pkg/services/store.go:26.8,28.3 1 1
github.com/fmo/timer-cli/pkg/services/store.go:30.2,32.22 2 1
github.com/fmo/timer-cli/pkg/services/store.go:35.42,42.2 2 0
github.com/fmo/timer-cli/pkg/services/store.go:44.48,46.2 1 1
github.com/fmo/timer-cli/pkg/services/store.go:48.35,50.2 1 0
github.com/fmo/timer-cli/pkg/services/task.go:12.33,13.31 1 1
github.com/fmo/timer-cli/pkg/services/task.go:13.31,15.3 1 0
github.com/fmo/timer-cli/pkg/services/task.go:16.2,16.12 1 1
github.com/fmo/timer-cli/pkg/services/task.go:30.22,32.2 1 0
github.com/fmo/timer-cli/pkg/services/task.go:34.24,37.2 2 0
github.com/fmo/timer-cli/pkg/services/task.go:39.34,41.2 1 0
github.com/fmo/timer-cli/pkg/services/task.go:43.31,45.2 1 0
github.com/fmo/timer-cli/pkg/services/task.go:47.36,50.2 2 0
github.com/fmo/timer-cli/pkg/services/task.go:52.27,55.2 2 0
github.com/fmo/timer-cli/pkg/services/task.go:57.41,59.2 1 0
github.com/fmo/timer-cli/pkg/services/task.go:61.50,63.16 2 0
github.com/fmo/timer-cli/pkg/services/task.go:63.16,65.3 1 0
github.com/fmo/timer-cli/pkg/services/task.go:66.2,66.33 1 0
github.com/fmo/timer-cli/pkg/services/task_service.go:16.70,18.16 2 0
github.com/fmo/timer-cli/pkg/services/task_service.go:18.16,20.3 1 0
github.com/fmo/timer-cli/pkg/services/task_service.go:22.2,22.19 1 0
github.com/fmo/timer-cli/pkg/services/task_service.go:22.19,25.3 1 0
github.com/fmo/timer-cli/pkg/services/task_service.go:27.2,28.16 2 0
github.com/fmo/timer-cli/pkg/services/task_service.go:28.16,30.3 1 0
github.com/fmo/timer-cli/pkg/services/task_service.go:32.2,36.8 1 0
github.com/fmo/timer-cli/pkg/services/task_service.go:39.48,43.48 3 0
github.com/fmo/timer-cli/pkg/services/task_service.go:43.48,45.3 1 0
github.com/fmo/timer-cli/pkg/services/task_service.go:47.2,47.45 1 0
github.com/fmo/timer-cli/pkg/services/task_service.go:47.45,49.3 1 0
github.com/fmo/timer-cli/pkg/services/task_service.go:51.2,53.18 2 0
github.com/fmo/timer-cli/pkg/services/task_service.go:56.70,62.45 5 0
github.com/fmo/timer-cli/pkg/services/task_service.go:62.45,64.3 1 0
github.com/fmo/timer-cli/pkg/services/task_service.go:66.2,68.12 2 0
github.com/fmo/timer-cli/pkg/services/task_service.go:71.41,73.16 2 0
github.com/fmo/timer-cli/pkg/services/task_service.go:73.16,75.3 1 0
github.com/fmo/timer-cli/pkg/services/task_service.go:77.2,81.38 3 0
github.com/fmo/timer-cli/pkg/services/task_service.go:84.42,85.46 1 0
github.com/fmo/timer-cli/pkg/services/task_service.go:85.46,87.3 1 0
github.com/fmo/timer-cli/pkg/services/task_service.go:89.2,91.12 2 0
github.com/fmo/timer-cli/pkg/services/task_service.go:94.56,96.2 1 0
github.com/fmo/timer-cli/pkg/services/task_service.go:98.54,100.2 1 0
github.com/fmo/timer-cli/pkg/services/tasks.go:16.70,20.16 3 1
github.com/fmo/timer-cli/pkg/services/tasks.go:20.16,22.3 1 0
github.com/fmo/timer-cli/pkg/services/tasks.go:24.2,26.19 2 1
github.com/fmo/timer-cli/pkg/services/tasks.go:29.36,31.2 1 0
github.com/fmo/timer-cli/pkg/services/tasks.go:33.39,34.28 1 0
github.com/fmo/timer-cli/pkg/services/tasks.go:34.28,35.40 1 0
github.com/fmo/timer-cli/pkg/services/tasks.go:35.40,38.4 2 0
github.com/fmo/timer-cli/pkg/services/tasks.go:42.29,44.2 1 0
github.com/fmo/timer-cli/pkg/services/tasks.go:46.47,48.31 2 0
github.com/fmo/timer-cli/pkg/services/tasks.go:48.31,49.44 1 0
github.com/fmo/timer-cli/pkg/services/tasks.go:49.44,51.4 1 0
github.com/fmo/timer-cli/pkg/services/tasks.go:54.2,54.14 1 0
github.com/fmo/timer-cli/pkg/services/tasks.go:57.38,58.31 1 0
github.com/fmo/timer-cli/pkg/services/tasks.go:58.31,59.24 1 0
github.com/fmo/timer-cli/pkg/services/tasks.go:59.24,61.4 1 0
github.com/fmo/timer-cli/pkg/services/tasks.go:63.2,63.12 1 0
github.com/fmo/timer-cli/pkg/services/tasks.go:66.61,69.35 2 1
github.com/fmo/timer-cli/pkg/services/tasks.go:69.35,70.24 1 1
github.com/fmo/timer-cli/pkg/services/tasks.go:70.24,72.4 1 0
github.com/fmo/timer-cli/pkg/services/tasks.go:73.3,76.17 3 1
github.com/fmo/timer-cli/pkg/services/tasks.go:76.17,78.4 1 0
github.com/fmo/timer-cli/pkg/services/tasks.go:79.3,81.23 2 1
github.com/fmo/timer-cli/pkg/services/tasks.go:81.23,83.18 2 1
github.com/fmo/timer-cli/pkg/services/tasks.go:83.18,85.5 1 0
github.com/fmo/timer-cli/pkg/services/tasks.go:86.4,86.22 1 1
github.com/fmo/timer-cli/pkg/services/tasks.go:88.3,89.42 2 1
github.com/fmo/timer-cli/pkg/services/tasks.go:89.42,91.4 1 0
github.com/fmo/timer-cli/pkg/services/tasks.go:92.3,93.30 2 1
github.com/fmo/timer-cli/pkg/services/tasks.go:96.2,96.19 1 1
github.com/fmo/timer-cli/pkg/services/tasks.go:99.49,100.31 1 0
github.com/fmo/timer-cli/pkg/services/tasks.go:100.31,101.24 1 0
github.com/fmo/timer-cli/pkg/services/tasks.go:101.24,103.4 1 0
github.com/fmo/timer-cli/pkg/services/tasks.go:105.2,105.52 1 0
github.com/fmo/timer-cli/pkg/services/ui.go:18.18,39.36 13 0
github.com/fmo/timer-cli/pkg/services/ui.go:39.36,43.25 3 0
github.com/fmo/timer-cli/pkg/services/ui.go:43.25,45.4 1 0
github.com/fmo/timer-cli/pkg/services/ui.go:46.3,49.71 4 0
github.com/fmo/timer-cli/pkg/services/ui.go:52.2,75.11 6 0
github.com/fmo/timer-cli/pkg/services/ui.go:78.51,80.2 1 0
github.com/fmo/timer-cli/pkg/services/ui.go:82.30,84.2 1 0
github.com/fmo/timer-cli/pkg/services/ui.go:86.34,88.2 1 0
github.com/fmo/timer-cli/pkg/services/ui.go:90.58,107.2 5 0
github.com/fmo/timer-cli/pkg/services/ui.go:109.43,111.2 1 0
github.com/fmo/timer-cli/pkg/services/ui.go:113.50,114.32 1 0
github.com/fmo/timer-cli/pkg/services/ui.go:114.32,116.3 1 0
github.com/fmo/timer-cli/pkg/services/ui.go:119.24,121.2 1 0
github.com/fmo/timer-cli/pkg/services/ui.go:123.22,125.2 1 0
